0 $start => expr
1 expr => expr "+" expr
2 expr => expr "-" expr
3 expr => expr "*" expr
4 expr => expr "/" expr
5 expr => "*" '$error
6 expr => '$fixed
7 expr => '$float
8 expr => "(" expr ")"

0:	$start => . expr
	expr => . expr "+" expr
	expr => . expr "-" expr
	expr => . expr "*" expr
	expr => . expr "/" expr
	expr => . "*" '$error
	expr => . '$fixed
	expr => . '$float
	expr => . "(" expr ")"
		"(" => shift 1
		'$float => shift 2
		'$fixed => shift 3
		"*" => shift 4
		expr => shift 5

1:	expr => "(" . expr ")"
	expr => . expr "+" expr
	expr => . expr "-" expr
	expr => . expr "*" expr
	expr => . expr "/" expr
	expr => . "*" '$error
	expr => . '$fixed
	expr => . '$float
	expr => . "(" expr ")"
		"(" => shift 1
		'$float => shift 2
		'$fixed => shift 3
		"*" => shift 4
		expr => shift 11

2:	expr => '$float .
		"/" => reduce 7
		"*" => reduce 7
		"-" => reduce 7
		"+" => reduce 7
		")" => reduce 7
		'$end => reduce 7

3:	expr => '$fixed .
		"/" => reduce 6
		"*" => reduce 6
		"-" => reduce 6
		"+" => reduce 6
		")" => reduce 6
		'$end => reduce 6

4:	expr => "*" . '$error
		'$error => shift 10

5:	expr => expr . "/" expr
	expr => expr . "*" expr
	expr => expr . "-" expr
	expr => expr . "+" expr
	$start => expr .
		"+" => shift 6
		"-" => shift 7
		"*" => shift 8
		"/" => shift 9
		'$end => accept 0

6:	expr => expr "+" . expr
	expr => . expr "+" expr
	expr => . expr "-" expr
	expr => . expr "*" expr
	expr => . expr "/" expr
	expr => . "*" '$error
	expr => . '$fixed
	expr => . '$float
	expr => . "(" expr ")"
		"(" => shift 1
		'$float => shift 2
		'$fixed => shift 3
		"*" => shift 4
		expr => shift 16

7:	expr => expr "-" . expr
	expr => . expr "+" expr
	expr => . expr "-" expr
	expr => . expr "*" expr
	expr => . expr "/" expr
	expr => . "*" '$error
	expr => . '$fixed
	expr => . '$float
	expr => . "(" expr ")"
		"(" => shift 1
		'$float => shift 2
		'$fixed => shift 3
		"*" => shift 4
		expr => shift 15

8:	expr => expr "*" . expr
	expr => . expr "+" expr
	expr => . expr "-" expr
	expr => . expr "*" expr
	expr => . expr "/" expr
	expr => . "*" '$error
	expr => . '$fixed
	expr => . '$float
	expr => . "(" expr ")"
		"(" => shift 1
		'$float => shift 2
		'$fixed => shift 3
		"*" => shift 4
		expr => shift 14

9:	expr => expr "/" . expr
	expr => . expr "+" expr
	expr => . expr "-" expr
	expr => . expr "*" expr
	expr => . expr "/" expr
	expr => . "*" '$error
	expr => . '$fixed
	expr => . '$float
	expr => . "(" expr ")"
		"(" => shift 1
		'$float => shift 2
		'$fixed => shift 3
		"*" => shift 4
		expr => shift 13

10:	expr => "*" '$error .
		"/" => reduce 5
		"*" => reduce 5
		"-" => reduce 5
		"+" => reduce 5
		")" => reduce 5
		'$end => reduce 5

11:	expr => expr . "/" expr
	expr => expr . "*" expr
	expr => expr . "-" expr
	expr => expr . "+" expr
	expr => "(" expr . ")"
		")" => shift 12
		"+" => shift 6
		"-" => shift 7
		"*" => shift 8
		"/" => shift 9

12:	expr => "(" expr ")" .
		"/" => reduce 8
		"*" => reduce 8
		"-" => reduce 8
		"+" => reduce 8
		")" => reduce 8
		'$end => reduce 8

13:	expr => expr . "/" expr
	expr => expr . "*" expr
	expr => expr . "-" expr
	expr => expr . "+" expr
	expr => expr "/" expr .
		"+" => reduce 4
		"-" => reduce 4
		"*" => reduce 4
		"/" => reduce 4
		'$end => reduce 4
		")" => reduce 4
		["+" => shift 6] REMOVED by precedence
		["-" => shift 7] REMOVED by precedence
		["*" => shift 8] REMOVED by associativity
		["/" => shift 9] REMOVED by associativity

14:	expr => expr . "/" expr
	expr => expr . "*" expr
	expr => expr . "-" expr
	expr => expr . "+" expr
	expr => expr "*" expr .
		"+" => reduce 3
		"-" => reduce 3
		"*" => reduce 3
		"/" => reduce 3
		'$end => reduce 3
		")" => reduce 3
		["+" => shift 6] REMOVED by precedence
		["-" => shift 7] REMOVED by precedence
		["*" => shift 8] REMOVED by associativity
		["/" => shift 9] REMOVED by associativity

15:	expr => expr . "/" expr
	expr => expr . "*" expr
	expr => expr . "-" expr
	expr => expr . "+" expr
	expr => expr "-" expr .
		"+" => reduce 2
		"-" => reduce 2
		"*" => shift 8
		"/" => shift 9
		'$end => reduce 2
		")" => reduce 2
		["+" => shift 6] REMOVED by associativity
		["-" => shift 7] REMOVED by associativity
		["*" => reduce 2] REMOVED by precedence
		["/" => reduce 2] REMOVED by precedence

16:	expr => expr . "/" expr
	expr => expr . "*" expr
	expr => expr . "-" expr
	expr => expr . "+" expr
	expr => expr "+" expr .
		"+" => reduce 1
		"-" => reduce 1
		"*" => shift 8
		"/" => shift 9
		'$end => reduce 1
		")" => reduce 1
		["+" => shift 6] REMOVED by associativity
		["-" => shift 7] REMOVED by associativity
		["*" => reduce 1] REMOVED by precedence
		["/" => reduce 1] REMOVED by precedence

